Arguments: 
  /data/data/com.termux/files/usr/bin/node /data/data/com.termux/files/usr/share/yarn/bin/yarn.js install

PATH: 
  /data/data/com.termux/files/usr/bin

Yarn version: 
  1.22.17

Node version: 
  16.14.2

Platform: 
  android arm64

Trace: 
  Error: EPERM: operation not permitted, symlink '../../../parser/bin/babel-parser.js' -> '/storage/emulated/0/Documents/prog.ram/htdocs/MySite/e-commerce/node_modules/@babel/core/node_modules/.bin/parser'

npm manifest: 
  {
    "name": "e-commerce",
    "version": "1.0.0",
    "main": "node_modules/expo/AppEntry.js",
    "scripts": {
      "start": "expo start",
      "android": "expo start --android",
      "ios": "expo start --ios",
      "web": "expo start --web",
      "eject": "expo eject"
    },
    "dependencies": {
      "expo": "~44.0.0",
      "expo-status-bar": "~1.2.0",
      "react": "17.0.1",
      "react-dom": "17.0.1",
      "react-native": "0.64.3",
      "react-native-web": "0.17.1"
    },
    "devDependencies": {
      "@babel/core": "^7.12.9",
      "@types/react": "~17.0.21",
      "@types/react-native": "~0.64.12",
      "typescript": "~4.3.5"
    },
    "private": true
  }

yarn manifest: 
  No manifest

Lockfile: 
  No lockfile
